C51 COMPILER V9.59.0.0   THERMOSTAT                                                        03/27/2024 16:17:44 PAGE 1   


C51 COMPILER V9.59.0.0, COMPILATION OF MODULE THERMOSTAT
OBJECT MODULE PLACED IN thermostat.OBJ
COMPILER INVOKED BY: C:\Keil_v5\C51\BIN\C51.exe thermostat.c DB OE BR INCDIR(c:\SiLabs\MCU\Inc)

line level    source

   1          //; 15 adc interupt enable these
   2          //;5 timer2 interupt enable these
   3          #include <c8051f020.h>
   4          #include <lab07.h>
   5          void adc_init(void);
   6          unsigned int adc_val();
   7          void disp_temp(unsigned int tempC);
   8          void disp_set(unsigned int set_temp);
   9          void led(unsigned int temp, unsigned int set_temp);
  10          unsigned int pot();
  11          void disp_char(unsigned char row, unsigned char col, char single_char)
  12          {
  13   1              int i, j;
  14   1              unsigned char k;
  15   1              i = 128*row+col;
  16   1              j = (single_char - 0x20)*5;
  17   1              for(k = 0; k < 5; k ++) {
  18   2                      screen[i+k] = font5x8[j + k];
  19   2                      }
  20   1      }
  21          void adc_init(){
  22   1              REF0CN = 0x7;
  23   1              ADC0CF = 0x41;
  24   1              ADC0CN = 0x8C;
  25   1              AMX0SL = 8;
  26   1      } 
  27          unsigned int adc_val(){
  28   1              unsigned long sum = 0;
  29   1              unsigned long samp = 0;
  30   1              unsigned int D;
  31   1              int i;
  32   1              ADC0CF = 0x41;
  33   1              ADC0CN = 0x8C;
  34   1              AMX0SL = 8;
  35   1              for(i = 0; i < 512; ++i){
  36   2                      while(AD0INT == 0){}
  37   2                      AD0INT = 0;
  38   2                      D = (ADC0L |(ADC0H << 8));
  39   2                      samp = ((D-2475)*12084L)>>16;
  40   2                      sum += samp;
  41   2                      }
  42   1              return (unsigned long)(sum/512);
  43   1      }
  44          
  45          unsigned int pot(){
  46   1              unsigned long sum = 0;
  47   1              unsigned long samp = 0;
  48   1              unsigned int D;
  49   1              int i;
  50   1              AMX0SL = 0x00;
  51   1              ADC0CF = 0x40;
  52   1      
  53   1              for(i = 0; i < 512; ++i){
  54   2                      while(AD0INT == 0){}
  55   2                      AD0INT = 0;
C51 COMPILER V9.59.0.0   THERMOSTAT                                                        03/27/2024 16:17:44 PAGE 2   

  56   2                      D = (ADC0L|(ADC0H << 8));
  57   2                      samp = 55 + D*31L/4096;
  58   2                      sum += samp;
  59   2                      }
  60   1              return (unsigned long)(sum/512);
  61   1      }
  62          
  63          void disp_temp(unsigned int tempC){
  64   1              int tempF = 0;
  65   1              int tens = 0;
  66   1              int ones = 0;
  67   1              tempF = (9/5)*tempC +10;
  68   1              tens = tempF/10;
  69   1              ones = tempF%10;
  70   1              disp_char(2, 15, tens + '0');
  71   1              disp_char(2, 20, ones + '0');
  72   1              refresh_screen();
  73   1      }
  74          
  75          void disp_set(unsigned int set_temp){
  76   1              int tens = 0;
  77   1              int ones = 0;
  78   1              tens = (set_temp/10)%10;
  79   1              ones = set_temp%10;
  80   1              disp_char(2, 50, tens + '0');
  81   1              disp_char(2, 55, ones + '0');
  82   1              refresh_screen();
  83   1      }
  84          
  85          void led(unsigned int temp, unsigned int set_temp){
  86   1              if(temp < set_temp){
  87   2                      P3 = 0x00;
  88   2                      P2 = 0x00;
  89   2              }
  90   1              else{
  91   2                      P3 = 0xFF;
  92   2                      P2 = 0xFF;
  93   2              }
  94   1      }
  95                          
  96          void main()
  97          {
  98   1              unsigned int temp, set;
  99   1              WDTCN = 0xde; //disable watchdog
 100   1              WDTCN = 0xad;
 101   1              XBR2 = 0x40;  //port output
 102   1              XBR0 = 4;         //enable uart 0
 103   1              OSCXCN = 0x67; //crystal enabled
 104   1              TMOD = 0x20;  //wait 1ms: T1 mode 2
 105   1              TH1 = 167;        // 1ms/(1/(2Mhz/12)) = 166.666
 106   1              TR1 = 1;
 107   1              while( TF1 == 0) {}     //1 ms wait for flag
 108   1              while( !(OSCXCN & 0x80)) {} //stabilize crystal
 109   1              OSCICN = 8;   // switch to 22.1184Mhz
 110   1              SCON0 = 0x50;   //8-bit, var baud, recieve enable
 111   1              TH1 = -6;               //9600 baud
 112   1              
 113   1              RCAP2H = -843 >> 8;
 114   1              RCAP2L = -843;
 115   1              TR2 = 1;
 116   1              init_lcd();
 117   1              adc_init();
C51 COMPILER V9.59.0.0   THERMOSTAT                                                        03/27/2024 16:17:44 PAGE 3   

 118   1      
 119   1              while(1)
 120   1              {
 121   2                      temp = adc_val();
 122   2                      set = pot();
 123   2                      disp_temp(temp);
 124   2                      disp_set(set);
 125   2                      led(temp + 10, set);
 126   2              }
 127   1      }
 128                  


MODULE INFORMATION:   STATIC OVERLAYABLE
   CODE SIZE        =    639    ----
   CONSTANT SIZE    =   ----    ----
   XDATA SIZE       =   ----    ----
   PDATA SIZE       =   ----    ----
   DATA SIZE        =   ----      36
   IDATA SIZE       =   ----    ----
   BIT SIZE         =   ----    ----
END OF MODULE INFORMATION.


C51 COMPILATION COMPLETE.  0 WARNING(S),  0 ERROR(S)
