A51 MACRO ASSEMBLER  LAB4                                                                 02/20/2024 16:04:17 PAGE     1


MACRO ASSEMBLER A51 V8.2.7.0
OBJECT MODULE PLACED IN lab4.OBJ
ASSEMBLER INVOKED BY: C:\Keil_v5\C51\BIN\A51.EXE lab4.asm XR GEN DB EP NOMOD51 INCDIR(C:\SiLabs\MCU\Inc) 

LOC  OBJ            LINE     SOURCE

                       1     ;$include (c8051f020.inc)
                +1     2     ;-----------------------------------------------------------------------------
                +1     3     ;       
                +1     4     ;       
                +1     5     ;
                +1     6     ;
                +1     7     ;       FILE NAME       : C8051F020.INC 
                +1     8     ;       TARGET MCUs     : C8051F020, 'F021, 'F022, 'F023 
                +1     9     ;       DESCRIPTION     : Register/bit definitions for the C8051F02x product family.  
                +1    10     ;
                +1    11     ;       REVISION 1.0    
                +1    12     ;
                +1    13     ;-----------------------------------------------------------------------------
                +1    14     ;REGISTER DEFINITIONS
                +1    15     ;
  0080          +1    16     P0       DATA  080H   ; PORT 0
  0081          +1    17     SP       DATA  081H   ; STACK POINTER
  0082          +1    18     DPL      DATA  082H   ; DATA POINTER - LOW BYTE
  0083          +1    19     DPH      DATA  083H   ; DATA POINTER - HIGH BYTE
  0084          +1    20     P4       DATA  084H   ; PORT 4
  0085          +1    21     P5       DATA  085H   ; PORT 5
  0086          +1    22     P6       DATA  086H   ; PORT 6
  0087          +1    23     PCON     DATA  087H   ; POWER CONTROL
  0088          +1    24     TCON     DATA  088H   ; TIMER CONTROL
  0089          +1    25     TMOD     DATA  089H   ; TIMER MODE
  008A          +1    26     TL0      DATA  08AH   ; TIMER 0 - LOW BYTE
  008B          +1    27     TL1      DATA  08BH   ; TIMER 1 - LOW BYTE
  008C          +1    28     TH0      DATA  08CH   ; TIMER 0 - HIGH BYTE
  008D          +1    29     TH1      DATA  08DH   ; TIMER 1 - HIGH BYTE
  008E          +1    30     CKCON    DATA  08EH   ; CLOCK CONTROL
  008F          +1    31     PSCTL    DATA  08FH   ; PROGRAM STORE R/W CONTROL
  0090          +1    32     P1       DATA  090H   ; PORT 1
  0091          +1    33     TMR3CN   DATA  091H   ; TIMER 3 CONTROL
  0092          +1    34     TMR3RLL  DATA  092H   ; TIMER 3 RELOAD REGISTER - LOW BYTE
  0093          +1    35     TMR3RLH  DATA  093H   ; TIMER 3 RELOAD REGISTER - HIGH BYTE
  0094          +1    36     TMR3L    DATA  094H   ; TIMER 3 - LOW BYTE
  0095          +1    37     TMR3H    DATA  095H   ; TIMER 3 - HIGH BYTE
  0096          +1    38     P7       DATA  096H   ; PORT 7
  0098          +1    39     SCON0    DATA  098H   ; SERIAL PORT 0 CONTROL
  0099          +1    40     SBUF0    DATA  099H   ; SERIAL PORT 0 BUFFER
  009A          +1    41     SPI0CFG  DATA  09AH   ; SERIAL PERIPHERAL INTERFACE 0 CONFIGURATION
  009B          +1    42     SPI0DAT  DATA  09BH   ; SERIAL PERIPHERAL INTERFACE 0 DATA
  009C          +1    43     ADC1     DATA  09CH   ; ADC 1 DATA
  009D          +1    44     SPI0CKR  DATA  09DH   ; SERIAL PERIPHERAL INTERFACE 0 CLOCK RATE CONTROL
  009E          +1    45     CPT0CN   DATA  09EH   ; COMPARATOR 0 CONTROL
  009F          +1    46     CPT1CN   DATA  09FH   ; COMPARATOR 1 CONTROL 
  00A0          +1    47     P2       DATA  0A0H   ; PORT 2
  00A1          +1    48     EMI0TC   DATA  0A1H   ; EMIF TIMING CONTROL
  00A3          +1    49     EMI0CF   DATA  0A3H   ; EXTERNAL MEMORY INTERFACE (EMIF) CONFIGURATION
  00A4          +1    50     P0MDOUT  DATA  0A4H   ; PORT 0 OUTPUT MODE CONFIGURATION
  00A5          +1    51     P1MDOUT  DATA  0A5H   ; PORT 1 OUTPUT MODE CONFIGURATION
  00A6          +1    52     P2MDOUT  DATA  0A6H   ; PORT 2 OUTPUT MODE CONFIGURATION
  00A7          +1    53     P3MDOUT  DATA  0A7H   ; PORT 3 OUTPUT MODE CONFIGURATION
  00A8          +1    54     IE       DATA  0A8H   ; INTERRUPT ENABLE
  00A9          +1    55     SADDR0   DATA  0A9H   ; SERIAL PORT 0 SLAVE ADDRESS
  00AA          +1    56     ADC1CN  DATA  0AAH   ; ADC 1 CONTROL
  00AB          +1    57     ADC1CF   DATA  0ABH   ; ADC 1 ANALOG MUX CONFIGURATION
  00AC          +1    58     AMX1SL   DATA  0ACH   ; ADC 1 ANALOG MUX CHANNEL SELECT
A51 MACRO ASSEMBLER  LAB4                                                                 02/20/2024 16:04:17 PAGE     2

  00AD          +1    59     P3IF     DATA  0ADH   ; PORT 3 EXTERNAL INTERRUPT FLAGS
  00AE          +1    60     SADEN1   DATA  0AEH   ; SERIAL PORT 1 SLAVE ADDRESS MASK
  00AF          +1    61     EMI0CN   DATA  0AFH   ; EXTERNAL MEMORY INTERFACE CONTROL
  00B0          +1    62     P3       DATA  0B0H   ; PORT 3
  00B1          +1    63     OSCXCN   DATA  0B1H   ; EXTERNAL OSCILLATOR CONTROL
  00B2          +1    64     OSCICN   DATA  0B2H   ; INTERNAL OSCILLATOR CONTROL
  00B5          +1    65     P74OUT   DATA  0B5H   ; PORTS 4 - 7 OUTPUT MODE
  00B6          +1    66     FLSCL    DATA  0B6H   ; FLASH MEMORY TIMING PRESCALER
  00B7          +1    67     FLACL    DATA  0B7H   ; FLASH ACESS LIMIT 
  00B8          +1    68     IP       DATA  0B8H   ; INTERRUPT PRIORITY
  00B9          +1    69     SADEN0   DATA  0B9H   ; SERIAL PORT 0 SLAVE ADDRESS MASK
  00BA          +1    70     AMX0CF   DATA  0BAH   ; ADC 0 MUX CONFIGURATION
  00BB          +1    71     AMX0SL   DATA  0BBH   ; ADC 0 MUX CHANNEL SELECTION
  00BC          +1    72     ADC0CF   DATA  0BCH   ; ADC 0 CONFIGURATION
  00BD          +1    73     P1MDIN   DATA  0BDH   ; PORT 1 INPUT MODE
  00BE          +1    74     ADC0L    DATA  0BEH   ; ADC 0 DATA - LOW BYTE
  00BF          +1    75     ADC0H    DATA  0BFH   ; ADC 0 DATA - HIGH BYTE 
  00C0          +1    76     SMB0CN   DATA  0C0H   ; SMBUS 0 CONTROL
  00C1          +1    77     SMB0STA  DATA  0C1H   ; SMBUS 0 STATUS
  00C2          +1    78     SMB0DAT  DATA  0C2H   ; SMBUS 0 DATA 
  00C3          +1    79     SMB0ADR  DATA  0C3H   ; SMBUS 0 SLAVE ADDRESS
  00C4          +1    80     ADC0GTL  DATA  0C4H   ; ADC 0 GREATER-THAN REGISTER - LOW BYTE
  00C5          +1    81     ADC0GTH  DATA  0C5H   ; ADC 0 GREATER-THAN REGISTER - HIGH BYTE
  00C6          +1    82     ADC0LTL  DATA  0C6H   ; ADC 0 LESS-THAN REGISTER - LOW BYTE
  00C7          +1    83     ADC0LTH  DATA  0C7H   ; ADC 0 LESS-THAN REGISTER - HIGH BYTE
  00C8          +1    84     T2CON    DATA  0C8H   ; TIMER 2 CONTROL
  00C9          +1    85     T4CON    DATA  0C9H   ; TIMER 4 CONTROL
  00CA          +1    86     RCAP2L   DATA  0CAH   ; TIMER 2 CAPTURE REGISTER - LOW BYTE
  00CB          +1    87     RCAP2H   DATA  0CBH   ; TIMER 2 CAPTURE REGISTER - HIGH BYTE
  00CC          +1    88     TL2      DATA  0CCH   ; TIMER 2 - LOW BYTE
  00CD          +1    89     TH2      DATA  0CDH   ; TIMER 2 - HIGH BYTE
  00CF          +1    90     SMB0CR   DATA  0CFH   ; SMBUS 0 CLOCK RATE
  00D0          +1    91     PSW      DATA  0D0H   ; PROGRAM STATUS WORD
  00D1          +1    92     REF0CN   DATA  0D1H   ; VOLTAGE REFERENCE 0 CONTROL
  00D2          +1    93     DAC0L    DATA  0D2H   ; DAC 0 REGISTER - LOW BYTE
  00D3          +1    94     DAC0H    DATA  0D3H   ; DAC 0 REGISTER - HIGH BYTE
  00D4          +1    95     DAC0CN   DATA  0D4H   ; DAC 0 CONTROL
  00D5          +1    96     DAC1L    DATA  0D5H   ; DAC 1 REGISTER - LOW BYTE
  00D6          +1    97     DAC1H    DATA  0D6H   ; DAC 1 REGISTER - HIGH BYTE
  00D7          +1    98     DAC1CN   DATA  0D7H   ; DAC 1 CONTROL
  00D8          +1    99     PCA0CN   DATA  0D8H   ; PCA 0 COUNTER CONTROL
  00D9          +1   100     PCA0MD   DATA  0D9H   ; PCA 0 COUNTER MODE
  00DA          +1   101     PCA0CPM0 DATA  0DAH   ; CONTROL REGISTER FOR PCA 0 MODULE 0
  00DB          +1   102     PCA0CPM1 DATA  0DBH   ; CONTROL REGISTER FOR PCA 0 MODULE 1
  00DC          +1   103     PCA0CPM2 DATA  0DCH   ; CONTROL REGISTER FOR PCA 0 MODULE 2
  00DD          +1   104     PCA0CPM3 DATA  0DDH   ; CONTROL REGISTER FOR PCA 0 MODULE 3
  00DE          +1   105     PCA0CPM4 DATA  0DEH   ; CONTROL REGISTER FOR PCA 0 MODULE 4
  00E0          +1   106     ACC      DATA  0E0H   ; ACCUMULATOR
  00E1          +1   107     XBR0     DATA  0E1H   ; DIGITAL CROSSBAR CONFIGURATION REGISTER 0
  00E2          +1   108     XBR1     DATA  0E2H   ; DIGITAL CROSSBAR CONFIGURATION REGISTER 1
  00E3          +1   109     XBR2     DATA  0E3H   ; DIGITAL CROSSBAR CONFIGURATION REGISTER 2
  00E4          +1   110     RCAP4L   DATA  0E4H   ; TIMER 4 CAPTURE REGISTER - LOW BYTE
  00E5          +1   111     RCAP4H   DATA  0E5H   ; TIMER 4 CAPTURE REGISTER - HIGH BYTE
  00E6          +1   112     EIE1     DATA  0E6H   ; EXTERNAL INTERRUPT ENABLE 1
  00E7          +1   113     EIE2     DATA  0E7H   ; EXTERNAL INTERRUPT ENABLE 2
  00E8          +1   114     ADC0CN   DATA  0E8H   ; ADC 0 CONTROL
  00E9          +1   115     PCA0L    DATA  0E9H   ; PCA 0 TIMER - LOW BYTE
  00EA          +1   116     PCA0CPL0 DATA  0EAH   ; CAPTURE/COMPARE REGISTER FOR PCA 0 MODULE 0 - LOW BYTE
  00EB          +1   117     PCA0CPL1 DATA  0EBH   ; CAPTURE/COMPARE REGISTER FOR PCA 0 MODULE 1 - LOW BYTE
  00EC          +1   118     PCA0CPL2 DATA  0ECH   ; CAPTURE/COMPARE REGISTER FOR PCA 0 MODULE 2 - LOW BYTE
  00ED          +1   119     PCA0CPL3 DATA  0EDH   ; CAPTURE/COMPARE REGISTER FOR PCA 0 MODULE 3 - LOW BYTE
  00EE          +1   120     PCA0CPL4 DATA  0EEH   ; CAPTURE/COMPARE REGISTER FOR PCA 0 MODULE 4 - LOW BYTE
  00EF          +1   121     RSTSRC   DATA  0EFH   ; RESET SOURCE 
  00F0          +1   122     B        DATA  0F0H   ; B REGISTER
  00F1          +1   123     SCON1    DATA  0F1H   ; SERIAL PORT 1 CONTROL
  00F2          +1   124     SBUF1    DATA  0F2H   ; SERAIL PORT 1 DATA
A51 MACRO ASSEMBLER  LAB4                                                                 02/20/2024 16:04:17 PAGE     3

  00F3          +1   125     SADDR1   DATA  0F3H   ; SERAIL PORT 1 
  00F4          +1   126     TL4      DATA  0F4H   ; TIMER 4 DATA - LOW BYTE
  00F5          +1   127     TH4      DATA  0F5H   ; TIMER 4 DATA - HIGH BYTE
  00F6          +1   128     EIP1     DATA  0F6H   ; EXTERNAL INTERRUPT PRIORITY REGISTER 1
  00F7          +1   129     EIP2     DATA  0F7H   ; EXTERNAL INTERRUPT PRIORITY REGISTER 2
  00F8          +1   130     SPI0CN   DATA  0F8H   ; SERIAL PERIPHERAL INTERFACE 0 CONTROL 
  00F9          +1   131     PCA0H    DATA  0F9H   ; PCA 0 TIMER - HIGH BYTE
  00FA          +1   132     PCA0CPH0 DATA  0FAH   ; CAPTURE/COMPARE REGISTER FOR PCA 0 MODULE 0 - HIGH BYTE
  00FB          +1   133     PCA0CPH1 DATA  0FBH   ; CAPTURE/COMPARE REGISTER FOR PCA 0 MODULE 1 - HIGH BYTE
  00FC          +1   134     PCA0CPH2 DATA  0FCH   ; CAPTURE/COMPARE REGISTER FOR PCA 0 MODULE 2 - HIGH BYTE
  00FD          +1   135     PCA0CPH3 DATA  0FDH   ; CAPTURE/COMPARE REGISTER FOR PCA 0 MODULE 3 - HIGH BYTE
  00FE          +1   136     PCA0CPH4 DATA  0FEH   ; CAPTURE/COMPARE REGISTER FOR PCA 0 MODULE 4 - HIGH BYTE
  00FF          +1   137     WDTCN    DATA  0FFH   ; WATCHDOG TIMER CONTROL 
                +1   138     ;
                +1   139     ;------------------------------------------------------------------------------
                +1   140     ;BIT DEFINITIONS
                +1   141     ;
                +1   142     ; TCON 88H
  0088          +1   143     IT0      BIT   TCON.0 ; EXT. INTERRUPT 0 TYPE
  0089          +1   144     IE0      BIT   TCON.1 ; EXT. INTERRUPT 0 EDGE FLAG
  008A          +1   145     IT1      BIT   TCON.2 ; EXT. INTERRUPT 1 TYPE
  008B          +1   146     IE1      BIT   TCON.3 ; EXT. INTERRUPT 1 EDGE FLAG
  008C          +1   147     TR0      BIT   TCON.4 ; TIMER 0 ON/OFF CONTROL
  008D          +1   148     TF0      BIT   TCON.5 ; TIMER 0 OVERFLOW FLAG
  008E          +1   149     TR1      BIT   TCON.6 ; TIMER 1 ON/OFF CONTROL
  008F          +1   150     TF1      BIT   TCON.7 ; TIMER 1 OVERFLOW FLAG
                +1   151     ;
                +1   152     ; SCON0 98H
  0098          +1   153     RI       BIT   SCON0.0 ; RECEIVE INTERRUPT FLAG
  0099          +1   154     TI       BIT   SCON0.1 ; TRANSMIT INTERRUPT FLAG
  009A          +1   155     RB8      BIT   SCON0.2 ; RECEIVE BIT 8
  009B          +1   156     TB8      BIT   SCON0.3 ; TRANSMIT BIT 8
  009C          +1   157     REN      BIT   SCON0.4 ; RECEIVE ENABLE
  009D          +1   158     SM2      BIT   SCON0.5 ; MULTIPROCESSOR COMMUNICATION ENABLE
  009E          +1   159     SM1      BIT   SCON0.6 ; SERIAL MODE CONTROL BIT 1
  009F          +1   160     SM0      BIT   SCON0.7 ; SERIAL MODE CONTROL BIT 0
                +1   161     ; 
                +1   162     ; IE A8H
  00A8          +1   163     EX0      BIT   IE.0   ; EXTERNAL INTERRUPT 0 ENABLE
  00A9          +1   164     ET0      BIT   IE.1   ; TIMER 0 INTERRUPT ENABLE
  00AA          +1   165     EX1      BIT   IE.2   ; EXTERNAL INTERRUPT 1 ENABLE
  00AB          +1   166     ET1      BIT   IE.3   ; TIMER 1 INTERRUPT ENABLE
  00AC          +1   167     ES       BIT   IE.4   ; SERIAL PORT INTERRUPT ENABLE
  00AD          +1   168     ET2      BIT   IE.5   ; TIMER 2 INTERRUPT ENABLE
  00AF          +1   169     EA       BIT   IE.7   ; GLOBAL INTERRUPT ENABLE
                +1   170     ;
                +1   171     ; IP B8H
  00B8          +1   172     PX0      BIT   IP.0   ; EXTERNAL INTERRUPT 0 PRIORITY
  00B9          +1   173     PT0      BIT   IP.1   ; TIMER 0 PRIORITY
  00BA          +1   174     PX1      BIT   IP.2   ; EXTERNAL INTERRUPT 1 PRIORITY
  00BB          +1   175     PT1      BIT   IP.3   ; TIMER 1 PRIORITY
  00BC          +1   176     PS       BIT   IP.4   ; SERIAL PORT PRIORITY
  00BD          +1   177     PT2      BIT   IP.5   ; TIMER 2 PRIORITY
                +1   178     ;
                +1   179     ; SMB0CN C0H
  00C0          +1   180     SMBTOE   BIT   SMB0CN.0 ; SMBUS 0 TIMEOUT ENABLE
  00C1          +1   181     SMBFTE   BIT   SMB0CN.1 ; SMBUS 0 FREE TIMER ENABLE
  00C2          +1   182     AA       BIT   SMB0CN.2 ; SMBUS 0 ASSERT/ACKNOWLEDGE FLAG
  00C3          +1   183     SI       BIT   SMB0CN.3 ; SMBUS 0 INTERRUPT PENDING FLAG
  00C4          +1   184     STO      BIT   SMB0CN.4 ; SMBUS 0 STOP FLAG
  00C5          +1   185     STA      BIT   SMB0CN.5 ; SMBUS 0 START FLAG
  00C6          +1   186     ENSMB    BIT   SMB0CN.6 ; SMBUS 0 ENABLE 
                +1   187     ;
                +1   188     ; T2CON C8H
  00C8          +1   189     CPRL2    BIT   T2CON.0 ; CAPTURE OR RELOAD SELECT
  00C9          +1   190     CT2      BIT   T2CON.1 ; TIMER OR COUNTER SELECT
A51 MACRO ASSEMBLER  LAB4                                                                 02/20/2024 16:04:17 PAGE     4

  00CA          +1   191     TR2      BIT   T2CON.2 ; TIMER 2 ON/OFF CONTROL
  00CB          +1   192     EXEN2    BIT   T2CON.3 ; TIMER 2 EXTERNAL ENABLE FLAG
  00CC          +1   193     TCLK     BIT   T2CON.4 ; TRANSMIT CLOCK FLAG
  00CD          +1   194     RCLK     BIT   T2CON.5 ; RECEIVE CLOCK FLAG
  00CE          +1   195     EXF2     BIT   T2CON.6 ; EXTERNAL FLAG
  00CF          +1   196     TF2      BIT   T2CON.7 ; TIMER 2 OVERFLOW FLAG
                +1   197     ;
                +1   198     ; PSW D0H
  00D0          +1   199     P        BIT   PSW.0  ; ACCUMULATOR PARITY FLAG
  00D1          +1   200     F1       BIT   PSW.1  ; USER FLAG 1
  00D2          +1   201     OV       BIT   PSW.2  ; OVERFLOW FLAG
  00D3          +1   202     RS0      BIT   PSW.3  ; REGISTER BANK SELECT 0
  00D4          +1   203     RS1      BIT   PSW.4  ; REGISTER BANK SELECT 1
  00D5          +1   204     F0       BIT   PSW.5  ; USER FLAG 0
  00D6          +1   205     AC       BIT   PSW.6  ; AUXILIARY CARRY FLAG
  00D7          +1   206     CY       BIT   PSW.7  ; CARRY FLAG
                +1   207     ;
                +1   208     ; PCA0CN D8H
  00D8          +1   209     CCF0     BIT   PCA0CN.0 ; PCA 0 MODULE 0 INTERRUPT FLAG
  00D9          +1   210     CCF1     BIT   PCA0CN.1 ; PCA 0 MODULE 1 INTERRUPT FLAG
  00DA          +1   211     CCF2     BIT   PCA0CN.2 ; PCA 0 MODULE 2 INTERRUPT FLAG
  00DB          +1   212     CCF3     BIT   PCA0CN.3 ; PCA 0 MODULE 3 INTERRUPT FLAG
  00DC          +1   213     CCF4     BIT   PCA0CN.4 ; PCA 0 MODULE 4 INTERRUPT FLAG
  00DE          +1   214     CR       BIT   PCA0CN.6 ; PCA 0 COUNTER RUN CONTROL BIT
  00DF          +1   215     CF       BIT   PCA0CN.7 ; PCA 0 COUNTER OVERFLOW FLAG
                +1   216     ;
                +1   217     ; ADC0CN E8H
  00E8          +1   218     AD0LJST  BIT   ADC0CN.0 ; ADC 0 RIGHT JUSTIFY DATA BIT
  00E9          +1   219     AD0WINT  BIT   ADC0CN.1 ; ADC 0 WINDOW COMPARE INTERRUPT FLAG
  00EA          +1   220     AD0STM0  BIT   ADC0CN.2 ; ADC 0 START OF CONVERSION MODE BIT 0
  00EB          +1   221     AD0STM1  BIT   ADC0CN.3 ; ADC 0 START OF CONVERSION MODE BIT 1
  00EC          +1   222     AD0BUSY  BIT   ADC0CN.4 ; ADC 0 BUSY FLAG
  00ED          +1   223     AD0INT   BIT   ADC0CN.5 ; ADC 0 CONVERISION COMPLETE INTERRUPT FLAG 
  00EE          +1   224     AD0TM    BIT   ADC0CN.6 ; ADC 0 TRACK MODE
  00EF          +1   225     AD0EN    BIT   ADC0CN.7 ; ADC 0 ENABLE
                +1   226     ;
                +1   227     ; SPI0CN F8H
  00F8          +1   228     SPIEN    BIT   SPI0CN.0 ; SPI 0 SPI ENABLE
  00F9          +1   229     MSTEN    BIT   SPI0CN.1 ; SPI 0 MASTER ENABLE
  00FA          +1   230     SLVSEL   BIT   SPI0CN.2 ; SPI 0 SLAVE SELECT
  00FB          +1   231     TXBSY    BIT   SPI0CN.3 ; SPI 0 TX BUSY FLAG
  00FC          +1   232     RXOVRN   BIT   SPI0CN.4 ; SPI 0 RX OVERRUN FLAG
  00FD          +1   233     MODF     BIT   SPI0CN.5 ; SPI 0 MODE FAULT FLAG
  00FE          +1   234     WCOL     BIT   SPI0CN.6 ; SPI 0 WRITE COLLISION FLAG
  00FF          +1   235     SPIF     BIT   SPI0CN.7 ; SPI 0 INTERRUPT FLAG
                     236     
----                 237                             DSEG at 20h
0020                 238     random: DS 1
0021                 239     old_button: DS 1
                     240     
----                 241                             CSEG
                     242     
                     243     ;------------Start time-----------
0000 75FFDE          244                             mov wdtcn, #0DEh                ;disable watchdog
0003 75FFAD          245                             mov wdtcn, #0ADh
0006 75E340          246                             mov xbr2, #40h                  ;enable output
0009 75E104          247                             mov xbr0, #04h                  ;
000C D2A7            248                             setb P2.7       
000E D2A6            249                             setb P2.6                                       ;input button
0010 75B167          250                             mov     oscxcn, #67h
0013 758921          251                             mov             TMOD, #21h              ;Set up timers
0016 758D59          252                             mov             th1, #256-167   ; 2MHz clock, 167 counts = 1ms
0019 D28E            253                             setb    tr1
                     254     
001B 308FFD          255     wait_0:         jnb     tf1, wait_0
001E C28E            256                                     CLR TR1                                         ;1ms elapse
A51 MACRO ASSEMBLER  LAB4                                                                 02/20/2024 16:04:17 PAGE     5

                             d, stop timer
0020 C28F            257                                     CLR TF1
                     258     
0022 E5B1            259     wait_1: mov a, oscxcn                   ;wait for clock to warm up
0024 30E7FB          260                                     jnb     acc.7, wait_1
0027 75B208          261                                     mov     oscicn, #8              ;Now using the 22.1184 MHz
002A 759850          262                                     mov     scon0, #50h     ;8-bit, 1 stop bit, REN
002D 758DFA          263                                     mov th1, #-6                    ;Loads value for 9600 buad 
                             serial com
0030 D28E            264                                     setb    tr1                                     ;Start the 
                             serial com timer
                     265     
0032                 266     send_crlf:
0032 900198          267                             mov     dptr, #CRLF                     ;Find address of CRLF
0035 1151            268                             call    send_string             ;Carriage return and line feed on t
                             he line.
0037 1166            269     WTBTNS: call delay_10ms         ; uses timer for delay
0039 D52003          270                                     djnz random, continue ;random number generator
003C 75200A          271                                     mov random, #10         ;random in range 1-10, if it hits t
                             en return it.
                     272     
003F                 273     continue:
003F 1186            274                             call    check_buttons   
0041 B40100          275                             cjne    a, #01, next
                     276     
0044 209802          277     next: jb                scon0.0, msg_call
0047 40EE            278                             jc              WTBTNS
                     279     
0049                 280     msg_call:
0049 C298            281                             CLR             scon0.0
004B 1192            282                             call    message
004D 1151            283                             call    send_string
004F 80E1            284                             jmp             send_crlf
                     285     
                     286     ;-------Send Message-------
0051                 287     send_string:
0051 E4              288                                     clr     A
0052 93              289                                     movc    A, @A+DPTR
0053 6005            290                                     JZ              done
0055 115B            291                                     call    send_byte
0057 A3              292                                     inc             dptr
0058 80F7            293                                     jmp             send_string
                     294     
005A 22              295     done:   ret
                     296     
                     297     ;------send byte------------
005B                 298     send_byte:
005B F599            299                             mov             sbuf0, A
005D 1176            300                             call            delay_5ms       
005F 22              301                             RET
                     302     ;--------serial time delay------------
0060                 303     serial_delay:
0060 308FFD          304                             jnb             tf1, serial_delay
0063 C28F            305                             clr             tf1
0065 22              306                             ret
                     307     
                     308     ;--------10ms delay---------
0066                 309     delay_10ms:
0066 758A00          310                             mov     TL0, #low(-9216)
0069 758CDC          311                             mov     TH0, #high(-9216)
006C D28C            312                             setb    TR0
006E 308DFD          313     wait: jnb               TF0, wait
0071 C28D            314                             clr             TF0
0073 C28C            315                             clr             TR0
0075 22              316                             RET
                     317     
A51 MACRO ASSEMBLER  LAB4                                                                 02/20/2024 16:04:17 PAGE     6

                     318     ;------- 5 ms Delay----------
0076                 319     delay_5ms:
0076 758A34          320                                     mov             TL0, #low(-4044)
0079 758CF0          321                                     mov                     TH0, #high(-4044)
007C D28C            322                                     setb            TR0
007E 308DFD          323     WAIT_5: jnb             TF0, WAIT_5
0081 C28D            324                                     clr                     TF0
0083 C28C            325                                     clr                     TR0
0085 22              326                                     ret
                     327     
                     328     ; ------ Check_buttons ------
0086                 329     Check_buttons: 
0086 E5A0            330             MOV     A, P2                                           ;same check buttons from pr
                             evious labs tweaked for this one
0088 F4              331             CPL     A               
0089 C521            332             XCH     A, old_button   
008B 6521            333             XRL     A, old_button  
008D 5521            334             ANL     A, old_button   
008F 54C0            335             ANL     A, #11000000b  
0091 22              336             RET
                     337     
                     338     ;-----------Messages----------
0092                 339     Message:
0092 E520            340                             mov     A, random
0094 75B0FF          341                             mov             P3, #0FFh
0097 43A003          342                             orl             P2, #03
009A B40106          343                             cjne    A, #01, not_one ;Compares accumulator with 0, if true it tu
                             rns on led
009D 9000F8          344                             mov     dptr, #ans_0
00A0 C2B0            345                             clr     P3.0
00A2 22              346                             ret
                     347     
00A3                 348     not_one: 
00A3 B40206          349             CJNE    A, #02, not_two
00A6 900106          350             mov     dptr, #ans_1
00A9 C2B1            351             CLR     P3.1
00AB 22              352             RET
00AC                 353     not_two: 
00AC B40306          354             CJNE    A, #03, not_three
00AF 900119          355             mov     dptr, #ans_2
00B2 C2B2            356             CLR     P3.2
00B4 22              357             RET
00B5                 358     not_three: 
00B5 B40406          359             CJNE    A, #04, not_four
00B8 900129          360             mov     dptr, #ans_3
00BB C2B3            361             CLR     P3.3
00BD 22              362             RET
00BE                 363     not_four: 
00BE B40506          364             CJNE    A, #05, not_five
00C1 90012D          365             mov     dptr, #ans_4
00C4 C2B4            366             CLR     P3.4
00C6 22              367             RET
00C7                 368     not_five: 
00C7 B40606          369             CJNE    A, #06, not_six
00CA 900139          370             mov     dptr, #ans_5
00CD C2B5            371             CLR     P3.5
00CF 22              372             RET
00D0                 373     not_six: 
00D0 B40706          374             CJNE    A, #07, not_seven
00D3 90014F          375             mov     dptr, #ans_6
00D6 C2B6            376             CLR     P3.6
00D8 22              377             RET
00D9                 378     not_seven: 
00D9 B40806          379             CJNE    A, #08, not_eight
00DC 900169          380             mov     dptr, #ans_7
00DF C2B7            381             CLR     P3.7
A51 MACRO ASSEMBLER  LAB4                                                                 02/20/2024 16:04:17 PAGE     7

00E1 22              382             RET
00E2                 383     not_eight: 
00E2 B40906          384             CJNE    A, #09, not_nine
00E5 90017B          385             mov     dptr, #ans_8 
00E8 C2A0            386             CLR     P2.0
00EA 22              387             RET
00EB                 388     not_nine: 
00EB B40A06          389             CJNE    A, #10, not_ten
00EE 900189          390             mov     dptr, #ans_9
00F1 C2A1            391             CLR     P2.1
00F3 22              392             RET
00F4                 393     not_ten: 
00F4 900198          394             MOV     dptr, #CRLF ; This code shouldn't be reached because the accumulator should
                              always be less than 11
00F7 22              395             RET
                     396     
                     397     
00F8 49742069        398     ans_0: db "It is certain", 0
00FC 73206365                
0100 72746169                
0104 6E00                    
0106 596F7520        399     ans_1: db "You may rely on it", 0
010A 6D617920                
010E 72656C79                
0112 206F6E20                
0116 697400                  
0119 57697468        400     ans_2: db "Without a doubt", 0
011D 6F757420                
0121 6120646F                
0125 75627400                
0129 59657300        401     ans_3: db "Yes", 0
012D 4D6F7374        402     ans_4: db "Most likely", 0
0131 206C696B                
0135 656C7900                
0139 5265706C        403     ans_5: db "Reply hazy, try again", 0
013D 79206861                
0141 7A792C20                
0145 74727920                
0149 61676169                
014D 6E00                    
014F 436F6E63        404     ans_6: db "Concentrate and ask again", 0
0153 656E7472                
0157 61746520                
015B 616E6420                
015F 61736B20                
0163 61676169                
0167 6E00                    
0169 446F6E27        405     ans_7: db "Don't count on it", 0
016D 7420636F                
0171 756E7420                
0175 6F6E2069                
0179 7400                    
017B 56657279        406     ans_8: db "Very doubtful", 0
017F 20646F75                
0183 62746675                
0187 6C00                    
0189 4D792072        407     ans_9: db "My reply is no", 0
018D 65706C79                
0191 20697320                
0195 6E6F00                  
0198 0D0A00          408     CRLF:   db      0DH, 0AH, 0
                     409     
                     410                             END
A51 MACRO ASSEMBLER  LAB4                                                                 02/20/2024 16:04:17 PAGE     8

XREF SYMBOL TABLE LISTING
---- ------ ----- -------


N A M E             T Y P E  V A L U E   ATTRIBUTES / REFERENCES

AA . . . . . . . .  B ADDR   00C0H.2 A      182#
AC . . . . . . . .  B ADDR   00D0H.6 A      205#
ACC. . . . . . . .  D ADDR   00E0H   A      106# 260
AD0BUSY. . . . . .  B ADDR   00E8H.4 A      222#
AD0EN. . . . . . .  B ADDR   00E8H.7 A      225#
AD0INT . . . . . .  B ADDR   00E8H.5 A      223#
AD0LJST. . . . . .  B ADDR   00E8H.0 A      218#
AD0STM0. . . . . .  B ADDR   00E8H.2 A      220#
AD0STM1. . . . . .  B ADDR   00E8H.3 A      221#
AD0TM. . . . . . .  B ADDR   00E8H.6 A      224#
AD0WINT. . . . . .  B ADDR   00E8H.1 A      219#
ADC0CF . . . . . .  D ADDR   00BCH   A      72#
ADC0CN . . . . . .  D ADDR   00E8H   A      114# 218 219 220 221 222 223 224 225
ADC0GTH. . . . . .  D ADDR   00C5H   A      81#
ADC0GTL. . . . . .  D ADDR   00C4H   A      80#
ADC0H. . . . . . .  D ADDR   00BFH   A      75#
ADC0L. . . . . . .  D ADDR   00BEH   A      74#
ADC0LTH. . . . . .  D ADDR   00C7H   A      83#
ADC0LTL. . . . . .  D ADDR   00C6H   A      82#
ADC1 . . . . . . .  D ADDR   009CH   A      43#
ADC1CF . . . . . .  D ADDR   00ABH   A      57#
ADC1CN . . . . . .  D ADDR   00AAH   A      56#
AMX0CF . . . . . .  D ADDR   00BAH   A      70#
AMX0SL . . . . . .  D ADDR   00BBH   A      71#
AMX1SL . . . . . .  D ADDR   00ACH   A      58#
ANS_0. . . . . . .  C ADDR   00F8H   A      344 398#
ANS_1. . . . . . .  C ADDR   0106H   A      350 399#
ANS_2. . . . . . .  C ADDR   0119H   A      355 400#
ANS_3. . . . . . .  C ADDR   0129H   A      360 401#
ANS_4. . . . . . .  C ADDR   012DH   A      365 402#
ANS_5. . . . . . .  C ADDR   0139H   A      370 403#
ANS_6. . . . . . .  C ADDR   014FH   A      375 404#
ANS_7. . . . . . .  C ADDR   0169H   A      380 405#
ANS_8. . . . . . .  C ADDR   017BH   A      385 406#
ANS_9. . . . . . .  C ADDR   0189H   A      390 407#
B. . . . . . . . .  D ADDR   00F0H   A      122#
CCF0 . . . . . . .  B ADDR   00D8H.0 A      209#
CCF1 . . . . . . .  B ADDR   00D8H.1 A      210#
CCF2 . . . . . . .  B ADDR   00D8H.2 A      211#
CCF3 . . . . . . .  B ADDR   00D8H.3 A      212#
CCF4 . . . . . . .  B ADDR   00D8H.4 A      213#
CF . . . . . . . .  B ADDR   00D8H.7 A      215#
CHECK_BUTTONS. . .  C ADDR   0086H   A      274 329#
CKCON. . . . . . .  D ADDR   008EH   A      30#
CONTINUE . . . . .  C ADDR   003FH   A      270 273#
CPRL2. . . . . . .  B ADDR   00C8H.0 A      189#
CPT0CN . . . . . .  D ADDR   009EH   A      45#
CPT1CN . . . . . .  D ADDR   009FH   A      46#
CR . . . . . . . .  B ADDR   00D8H.6 A      214#
CRLF . . . . . . .  C ADDR   0198H   A      267 394 408#
CT2. . . . . . . .  B ADDR   00C8H.1 A      190#
CY . . . . . . . .  B ADDR   00D0H.7 A      206#
DAC0CN . . . . . .  D ADDR   00D4H   A      95#
DAC0H. . . . . . .  D ADDR   00D3H   A      94#
DAC0L. . . . . . .  D ADDR   00D2H   A      93#
DAC1CN . . . . . .  D ADDR   00D7H   A      98#
DAC1H. . . . . . .  D ADDR   00D6H   A      97#
DAC1L. . . . . . .  D ADDR   00D5H   A      96#
DELAY_10MS . . . .  C ADDR   0066H   A      269 309#
DELAY_5MS. . . . .  C ADDR   0076H   A      300 319#
A51 MACRO ASSEMBLER  LAB4                                                                 02/20/2024 16:04:17 PAGE     9

DONE . . . . . . .  C ADDR   005AH   A      290 295#
DPH. . . . . . . .  D ADDR   0083H   A      19#
DPL. . . . . . . .  D ADDR   0082H   A      18#
EA . . . . . . . .  B ADDR   00A8H.7 A      169#
EIE1 . . . . . . .  D ADDR   00E6H   A      112#
EIE2 . . . . . . .  D ADDR   00E7H   A      113#
EIP1 . . . . . . .  D ADDR   00F6H   A      128#
EIP2 . . . . . . .  D ADDR   00F7H   A      129#
EMI0CF . . . . . .  D ADDR   00A3H   A      49#
EMI0CN . . . . . .  D ADDR   00AFH   A      61#
EMI0TC . . . . . .  D ADDR   00A1H   A      48#
ENSMB. . . . . . .  B ADDR   00C0H.6 A      186#
ES . . . . . . . .  B ADDR   00A8H.4 A      167#
ET0. . . . . . . .  B ADDR   00A8H.1 A      164#
ET1. . . . . . . .  B ADDR   00A8H.3 A      166#
ET2. . . . . . . .  B ADDR   00A8H.5 A      168#
EX0. . . . . . . .  B ADDR   00A8H.0 A      163#
EX1. . . . . . . .  B ADDR   00A8H.2 A      165#
EXEN2. . . . . . .  B ADDR   00C8H.3 A      192#
EXF2 . . . . . . .  B ADDR   00C8H.6 A      195#
F0 . . . . . . . .  B ADDR   00D0H.5 A      204#
F1 . . . . . . . .  B ADDR   00D0H.1 A      200#
FLACL. . . . . . .  D ADDR   00B7H   A      67#
FLSCL. . . . . . .  D ADDR   00B6H   A      66#
IE . . . . . . . .  D ADDR   00A8H   A      54# 163 164 165 166 167 168 169
IE0. . . . . . . .  B ADDR   0088H.1 A      144#
IE1. . . . . . . .  B ADDR   0088H.3 A      146#
IP . . . . . . . .  D ADDR   00B8H   A      68# 172 173 174 175 176 177
IT0. . . . . . . .  B ADDR   0088H.0 A      143#
IT1. . . . . . . .  B ADDR   0088H.2 A      145#
MESSAGE. . . . . .  C ADDR   0092H   A      282 339#
MODF . . . . . . .  B ADDR   00F8H.5 A      233#
MSG_CALL . . . . .  C ADDR   0049H   A      277 280#
MSTEN. . . . . . .  B ADDR   00F8H.1 A      229#
NEXT . . . . . . .  C ADDR   0044H   A      275 277#
NOT_EIGHT. . . . .  C ADDR   00E2H   A      379 383#
NOT_FIVE . . . . .  C ADDR   00C7H   A      364 368#
NOT_FOUR . . . . .  C ADDR   00BEH   A      359 363#
NOT_NINE . . . . .  C ADDR   00EBH   A      384 388#
NOT_ONE. . . . . .  C ADDR   00A3H   A      343 348#
NOT_SEVEN. . . . .  C ADDR   00D9H   A      374 378#
NOT_SIX. . . . . .  C ADDR   00D0H   A      369 373#
NOT_TEN. . . . . .  C ADDR   00F4H   A      389 393#
NOT_THREE. . . . .  C ADDR   00B5H   A      354 358#
NOT_TWO. . . . . .  C ADDR   00ACH   A      349 353#
OLD_BUTTON . . . .  D ADDR   0021H   A      239# 332 333 334
OSCICN . . . . . .  D ADDR   00B2H   A      64# 261
OSCXCN . . . . . .  D ADDR   00B1H   A      63# 250 259
OV . . . . . . . .  B ADDR   00D0H.2 A      201#
P. . . . . . . . .  B ADDR   00D0H.0 A      199#
P0 . . . . . . . .  D ADDR   0080H   A      16#
P0MDOUT. . . . . .  D ADDR   00A4H   A      50#
P1 . . . . . . . .  D ADDR   0090H   A      32#
P1MDIN . . . . . .  D ADDR   00BDH   A      73#
P1MDOUT. . . . . .  D ADDR   00A5H   A      51#
P2 . . . . . . . .  D ADDR   00A0H   A      47# 248 249 330 342 386 391
P2MDOUT. . . . . .  D ADDR   00A6H   A      52#
P3 . . . . . . . .  D ADDR   00B0H   A      62# 341 345 351 356 361 366 371 376 381
P3IF . . . . . . .  D ADDR   00ADH   A      59#
P3MDOUT. . . . . .  D ADDR   00A7H   A      53#
P4 . . . . . . . .  D ADDR   0084H   A      20#
P5 . . . . . . . .  D ADDR   0085H   A      21#
P6 . . . . . . . .  D ADDR   0086H   A      22#
P7 . . . . . . . .  D ADDR   0096H   A      38#
P74OUT . . . . . .  D ADDR   00B5H   A      65#
PCA0CN . . . . . .  D ADDR   00D8H   A      99# 209 210 211 212 213 214 215
A51 MACRO ASSEMBLER  LAB4                                                                 02/20/2024 16:04:17 PAGE    10

PCA0CPH0 . . . . .  D ADDR   00FAH   A      132#
PCA0CPH1 . . . . .  D ADDR   00FBH   A      133#
PCA0CPH2 . . . . .  D ADDR   00FCH   A      134#
PCA0CPH3 . . . . .  D ADDR   00FDH   A      135#
PCA0CPH4 . . . . .  D ADDR   00FEH   A      136#
PCA0CPL0 . . . . .  D ADDR   00EAH   A      116#
PCA0CPL1 . . . . .  D ADDR   00EBH   A      117#
PCA0CPL2 . . . . .  D ADDR   00ECH   A      118#
PCA0CPL3 . . . . .  D ADDR   00EDH   A      119#
PCA0CPL4 . . . . .  D ADDR   00EEH   A      120#
PCA0CPM0 . . . . .  D ADDR   00DAH   A      101#
PCA0CPM1 . . . . .  D ADDR   00DBH   A      102#
PCA0CPM2 . . . . .  D ADDR   00DCH   A      103#
PCA0CPM3 . . . . .  D ADDR   00DDH   A      104#
PCA0CPM4 . . . . .  D ADDR   00DEH   A      105#
PCA0H. . . . . . .  D ADDR   00F9H   A      131#
PCA0L. . . . . . .  D ADDR   00E9H   A      115#
PCA0MD . . . . . .  D ADDR   00D9H   A      100#
PCON . . . . . . .  D ADDR   0087H   A      23#
PS . . . . . . . .  B ADDR   00B8H.4 A      176#
PSCTL. . . . . . .  D ADDR   008FH   A      31#
PSW. . . . . . . .  D ADDR   00D0H   A      91# 199 200 201 202 203 204 205 206
PT0. . . . . . . .  B ADDR   00B8H.1 A      173#
PT1. . . . . . . .  B ADDR   00B8H.3 A      175#
PT2. . . . . . . .  B ADDR   00B8H.5 A      177#
PX0. . . . . . . .  B ADDR   00B8H.0 A      172#
PX1. . . . . . . .  B ADDR   00B8H.2 A      174#
RANDOM . . . . . .  D ADDR   0020H   A      238# 270 271 340
RB8. . . . . . . .  B ADDR   0098H.2 A      155#
RCAP2H . . . . . .  D ADDR   00CBH   A      87#
RCAP2L . . . . . .  D ADDR   00CAH   A      86#
RCAP4H . . . . . .  D ADDR   00E5H   A      111#
RCAP4L . . . . . .  D ADDR   00E4H   A      110#
RCLK . . . . . . .  B ADDR   00C8H.5 A      194#
REF0CN . . . . . .  D ADDR   00D1H   A      92#
REN. . . . . . . .  B ADDR   0098H.4 A      157#
RI . . . . . . . .  B ADDR   0098H.0 A      153#
RS0. . . . . . . .  B ADDR   00D0H.3 A      202#
RS1. . . . . . . .  B ADDR   00D0H.4 A      203#
RSTSRC . . . . . .  D ADDR   00EFH   A      121#
RXOVRN . . . . . .  B ADDR   00F8H.4 A      232#
SADDR0 . . . . . .  D ADDR   00A9H   A      55#
SADDR1 . . . . . .  D ADDR   00F3H   A      125#
SADEN0 . . . . . .  D ADDR   00B9H   A      69#
SADEN1 . . . . . .  D ADDR   00AEH   A      60#
SBUF0. . . . . . .  D ADDR   0099H   A      40# 299
SBUF1. . . . . . .  D ADDR   00F2H   A      124#
SCON0. . . . . . .  D ADDR   0098H   A      39# 153 154 155 156 157 158 159 160 262 277 281
SCON1. . . . . . .  D ADDR   00F1H   A      123#
SEND_BYTE. . . . .  C ADDR   005BH   A      291 298#
SEND_CRLF. . . . .  C ADDR   0032H   A      266# 284
SEND_STRING. . . .  C ADDR   0051H   A      268 283 287# 293
SERIAL_DELAY . . .  C ADDR   0060H   A      303# 304
SI . . . . . . . .  B ADDR   00C0H.3 A      183#
SLVSEL . . . . . .  B ADDR   00F8H.2 A      230#
SM0. . . . . . . .  B ADDR   0098H.7 A      160#
SM1. . . . . . . .  B ADDR   0098H.6 A      159#
SM2. . . . . . . .  B ADDR   0098H.5 A      158#
SMB0ADR. . . . . .  D ADDR   00C3H   A      79#
SMB0CN . . . . . .  D ADDR   00C0H   A      76# 180 181 182 183 184 185 186
SMB0CR . . . . . .  D ADDR   00CFH   A      90#
SMB0DAT. . . . . .  D ADDR   00C2H   A      78#
SMB0STA. . . . . .  D ADDR   00C1H   A      77#
SMBFTE . . . . . .  B ADDR   00C0H.1 A      181#
SMBTOE . . . . . .  B ADDR   00C0H.0 A      180#
SP . . . . . . . .  D ADDR   0081H   A      17#
A51 MACRO ASSEMBLER  LAB4                                                                 02/20/2024 16:04:17 PAGE    11

SPI0CFG. . . . . .  D ADDR   009AH   A      41#
SPI0CKR. . . . . .  D ADDR   009DH   A      44#
SPI0CN . . . . . .  D ADDR   00F8H   A      130# 228 229 230 231 232 233 234 235
SPI0DAT. . . . . .  D ADDR   009BH   A      42#
SPIEN. . . . . . .  B ADDR   00F8H.0 A      228#
SPIF . . . . . . .  B ADDR   00F8H.7 A      235#
STA. . . . . . . .  B ADDR   00C0H.5 A      185#
STO. . . . . . . .  B ADDR   00C0H.4 A      184#
T2CON. . . . . . .  D ADDR   00C8H   A      84# 189 190 191 192 193 194 195 196
T4CON. . . . . . .  D ADDR   00C9H   A      85#
TB8. . . . . . . .  B ADDR   0098H.3 A      156#
TCLK . . . . . . .  B ADDR   00C8H.4 A      193#
TCON . . . . . . .  D ADDR   0088H   A      24# 143 144 145 146 147 148 149 150
TF0. . . . . . . .  B ADDR   0088H.5 A      148# 313 314 323 324
TF1. . . . . . . .  B ADDR   0088H.7 A      150# 255 257 304 305
TF2. . . . . . . .  B ADDR   00C8H.7 A      196#
TH0. . . . . . . .  D ADDR   008CH   A      28# 311 321
TH1. . . . . . . .  D ADDR   008DH   A      29# 252 263
TH2. . . . . . . .  D ADDR   00CDH   A      89#
TH4. . . . . . . .  D ADDR   00F5H   A      127#
TI . . . . . . . .  B ADDR   0098H.1 A      154#
TL0. . . . . . . .  D ADDR   008AH   A      26# 310 320
TL1. . . . . . . .  D ADDR   008BH   A      27#
TL2. . . . . . . .  D ADDR   00CCH   A      88#
TL4. . . . . . . .  D ADDR   00F4H   A      126#
TMOD . . . . . . .  D ADDR   0089H   A      25# 251
TMR3CN . . . . . .  D ADDR   0091H   A      33#
TMR3H. . . . . . .  D ADDR   0095H   A      37#
TMR3L. . . . . . .  D ADDR   0094H   A      36#
TMR3RLH. . . . . .  D ADDR   0093H   A      35#
TMR3RLL. . . . . .  D ADDR   0092H   A      34#
TR0. . . . . . . .  B ADDR   0088H.4 A      147# 312 315 322 325
TR1. . . . . . . .  B ADDR   0088H.6 A      149# 253 256 264
TR2. . . . . . . .  B ADDR   00C8H.2 A      191#
TXBSY. . . . . . .  B ADDR   00F8H.3 A      231#
WAIT . . . . . . .  C ADDR   006EH   A      313# 313
WAIT_0 . . . . . .  C ADDR   001BH   A      255# 255
WAIT_1 . . . . . .  C ADDR   0022H   A      259# 260
WAIT_5 . . . . . .  C ADDR   007EH   A      323# 323
WCOL . . . . . . .  B ADDR   00F8H.6 A      234#
WDTCN. . . . . . .  D ADDR   00FFH   A      137# 244 245
WTBTNS . . . . . .  C ADDR   0037H   A      269# 278
XBR0 . . . . . . .  D ADDR   00E1H   A      107# 247
XBR1 . . . . . . .  D ADDR   00E2H   A      108#
XBR2 . . . . . . .  D ADDR   00E3H   A      109# 246


REGISTER BANK(S) USED: 0 


ASSEMBLY COMPLETE.  0 WARNING(S), 0 ERROR(S)
